<?xml version="1.0" encoding="UTF-8"?>
<!-- Generated by org.testng.reporters.JUnitReportReporter -->
<testsuite skipped="0" hostname="klaudia" name="com.pack.common.tests.BookFlightTest" tests="1" failures="0" timestamp="29 Jun 2017 20:02:31 GMT" time="126.721" errors="0">
  <testcase name="verifyCreateAnAccounPage" time="126.721" classname="com.pack.common.tests.BookFlightTest"/>
</testsuite> <!-- com.pack.common.tests.BookFlightTest -->
